<?xml version="1.0" encoding="UTF-8"?>
<!-- Generated by org.testng.reporters.JUnitXMLReporter -->
<testsuite hostname="Jatush" ignored="4" name="ChromeTest" tests="18" failures="0" timestamp="2022-05-05T11:38:19 IST" time="777.218" errors="0">
  <testcase name="TC01_LoginWithValidUsernameAndValidPassword" time="6.592" classname="TestCases.LoginTest"/>
  <testcase name="TC02_LoginWithInvalidUsernameAndInvalidPassword" time="5.804" classname="TestCases.LoginTest"/>
  <testcase name="TC03_LoginWithValidUsernameAndEmptyPassword" time="5.961" classname="TestCases.LoginTest"/>
  <testcase name="TC04_LoginWithEmptyUsernameAndValidPassword" time="6.168" classname="TestCases.LoginTest"/>
  <testcase name="TC05_LoginWithEmptyUsernameAndEmptyPassword" time="7.421" classname="TestCases.LoginTest"/>
  <testcase name="TC06_LoginPasswordShouldBeMasked" time="3.979" classname="TestCases.LoginTest"/>
  <testcase name="TC07_LoginHandlesCaseSensitive" time="5.808" classname="TestCases.LoginTest"/>
  <testcase name="TC08_LoginAuthentication" time="10.931" classname="TestCases.LoginTest"/>
  <testcase name="TC01_RegistrationWithValidEmailAndValidPassword" time="7.146" classname="TestCases.RegisterTest"/>
  <testcase name="TC02_RegistrationWithInvalidEmailAndValidPassword" time="6.793" classname="TestCases.RegisterTest"/>
  <testcase name="TC03_RegistrationWithEmptyEmailAndValidPassword" time="6.948" classname="TestCases.RegisterTest"/>
  <testcase name="TC04_RegistrationWithValidEmailAndEmptyPassword" time="6.397" classname="TestCases.RegisterTest"/>
  <testcase name="TC05_RegistrationWithEmptyEmailAndEmptyPassword" time="6.201" classname="TestCases.RegisterTest"/>
  <testcase name="TC01_ShopFilterByPriceFunctionality" time="81.255" classname="TestCases.ShopTest"/>
  <testcase name="TC02_ShopProductCategoriesFunctionality" time="68.909" classname="TestCases.ShopTest"/>
  <testcase name="TC03_ShopSortOrderByNewnessFunctionality" time="66.408" classname="TestCases.ShopTest"/>
  <testcase name="TC04_ShopSortOrderByPriceLowToHighFunctionality" time="70.124" classname="TestCases.ShopTest"/>
  <testcase name="TC05_ShopSortOrderByPriceHighToLowFunctionality" time="67.965" classname="TestCases.ShopTest"/>
  <testcase name="@BeforeSuite initMethod" time="0.0" classname="Base.BaseClass">
    <ignored/>
  </testcase> <!-- @BeforeSuite initMethod -->
  <testcase name="@BeforeSuite initMethod" time="0.0" classname="Base.BaseClass">
    <ignored/>
  </testcase> <!-- @BeforeSuite initMethod -->
  <testcase name="@AfterSuite sendEmail" time="0.0" classname="TestCases.BaseTest">
    <ignored/>
  </testcase> <!-- @AfterSuite sendEmail -->
  <testcase name="@AfterSuite sendEmail" time="0.0" classname="TestCases.BaseTest">
    <ignored/>
  </testcase> <!-- @AfterSuite sendEmail -->
</testsuite> <!-- ChromeTest -->
