<?xml version="1.0" encoding="UTF-8"?>
<testsuite xmlns:xsi="http://www.w3.org/2001/XMLSchema-instance" xsi:noNamespaceSchemaLocation="https://maven.apache.org/surefire/maven-surefire-plugin/xsd/surefire-test-report-3.0.xsd" version="3.0" name="TestSuite" time="779.668" tests="18" errors="0" skipped="0" failures="0">
  <properties>
[...]
</properties>
  <testcase name="TC01_LoginWithValidUsernameAndValidPassword" classname="TestCases.LoginTest" time="6.574">
    <system-out><![CDATA[05-05-2022 11:25:41 INFO [Log]: =================================================================
05-05-2022 11:25:41 INFO [Log]: TEST STARTED # 0 - Login with valid username and valid password
05-05-2022 11:25:41 INFO [Log]: =================================================================
05-05-2022 11:25:45 INFO [Log]: Select My Account menu.
05-05-2022 11:25:45 INFO [Log]: # Verifying element visibility.
05-05-2022 11:25:45 INFO [Log]: Verify login page is displayed.
05-05-2022 11:25:45 INFO [Log]: Entered login email: 'test0210@0210.com'
05-05-2022 11:25:45 INFO [Log]: Entered login password: 'Bot@d364710'
05-05-2022 11:25:48 INFO [Log]: Clicked on login button.
05-05-2022 11:25:48 INFO [Log]: Verify 'test0210@0210.com' logged in successfully.
]]></system-out>
    <system-err><![CDATA[SLF4J: Failed to load class "org.slf4j.impl.StaticLoggerBinder".
SLF4J: Defaulting to no-operation (NOP) logger implementation
SLF4J: See http://www.slf4j.org/codes.html#StaticLoggerBinder for further details.
Starting ChromeDriver 100.0.4896.60 (6a5d10861ce8de5fce22564658033b43cb7de047-refs/branch-heads/4896@{#875}) on port 57379
Only local connections are allowed.
Please see https://chromedriver.chromium.org/security-considerations for suggestions on keeping ChromeDriver safe.
ChromeDriver was started successfully.
May 05, 2022 11:25:30 AM org.openqa.selenium.remote.ProtocolHandshake createSession
INFO: Detected dialect: W3C
May 05, 2022 11:25:31 AM org.openqa.selenium.devtools.CdpVersionFinder findNearestMatch
WARNING: Unable to find an exact match for CDP version 100, so returning the closest version found: 99
May 05, 2022 11:25:31 AM org.openqa.selenium.devtools.CdpVersionFinder findNearestMatch
INFO: Found CDP implementation for version 100 of 99
]]></system-err>
  </testcase>
  <testcase name="TC02_LoginWithInvalidUsernameAndInvalidPassword" classname="TestCases.LoginTest" time="5.783">
    <system-out><![CDATA[05-05-2022 11:25:49 INFO [Log]: =================================================================
05-05-2022 11:25:49 INFO [Log]: TEST COMPLETED # 0 - Login with valid username and valid password
05-05-2022 11:25:49 INFO [Log]: =================================================================
05-05-2022 11:26:02 INFO [Log]: =================================================================
05-05-2022 11:26:02 INFO [Log]: TEST STARTED # 0 - Login with invalid username and invalid password
05-05-2022 11:26:02 INFO [Log]: =================================================================
05-05-2022 11:26:05 INFO [Log]: Select My Account menu.
05-05-2022 11:26:05 INFO [Log]: # Verifying element visibility.
05-05-2022 11:26:05 INFO [Log]: Verify login page is displayed.
05-05-2022 11:26:06 INFO [Log]: Entered login email: 'joey.lindgren@gmail.com'
05-05-2022 11:26:06 INFO [Log]: Entered login password: '725805FA'
05-05-2022 11:26:08 INFO [Log]: Clicked on login button.
05-05-2022 11:26:08 INFO [Log]: # Verifying element visibility.
05-05-2022 11:26:08 INFO [Log]: Verify login failed error message is displayed. 'A user could not be found with this email address.'.
]]></system-out>
    <system-err><![CDATA[Starting ChromeDriver 100.0.4896.60 (6a5d10861ce8de5fce22564658033b43cb7de047-refs/branch-heads/4896@{#875}) on port 55640
Only local connections are allowed.
Please see https://chromedriver.chromium.org/security-considerations for suggestions on keeping ChromeDriver safe.
ChromeDriver was started successfully.
May 05, 2022 11:25:50 AM org.openqa.selenium.remote.ProtocolHandshake createSession
INFO: Detected dialect: W3C
May 05, 2022 11:25:50 AM org.openqa.selenium.devtools.CdpVersionFinder findNearestMatch
WARNING: Unable to find an exact match for CDP version 100, so returning the closest version found: 99
May 05, 2022 11:25:50 AM org.openqa.selenium.devtools.CdpVersionFinder findNearestMatch
INFO: Found CDP implementation for version 100 of 99
]]></system-err>
  </testcase>
  <testcase name="TC03_LoginWithValidUsernameAndEmptyPassword" classname="TestCases.LoginTest" time="5.943">
    <system-out><![CDATA[05-05-2022 11:26:09 INFO [Log]: =================================================================
05-05-2022 11:26:09 INFO [Log]: TEST COMPLETED # 0 - Login with invalid username and invalid password
05-05-2022 11:26:09 INFO [Log]: =================================================================
05-05-2022 11:26:16 INFO [Log]: =================================================================
05-05-2022 11:26:16 INFO [Log]: TEST STARTED # 0 - Login with valid username and empty password
05-05-2022 11:26:16 INFO [Log]: =================================================================
05-05-2022 11:26:20 INFO [Log]: Select My Account menu.
05-05-2022 11:26:20 INFO [Log]: # Verifying element visibility.
05-05-2022 11:26:20 INFO [Log]: Verify login page is displayed.
05-05-2022 11:26:20 INFO [Log]: Entered login email: 'test0210@0210.com'
05-05-2022 11:26:20 INFO [Log]: Entered login password: ''
05-05-2022 11:26:22 INFO [Log]: Clicked on login button.
05-05-2022 11:26:22 INFO [Log]: # Verifying element visibility.
05-05-2022 11:26:22 INFO [Log]: Verify login failed error message is displayed. 'Password is required.'.
]]></system-out>
    <system-err><![CDATA[Starting ChromeDriver 100.0.4896.60 (6a5d10861ce8de5fce22564658033b43cb7de047-refs/branch-heads/4896@{#875}) on port 51956
Only local connections are allowed.
Please see https://chromedriver.chromium.org/security-considerations for suggestions on keeping ChromeDriver safe.
ChromeDriver was started successfully.
May 05, 2022 11:26:10 AM org.openqa.selenium.remote.ProtocolHandshake createSession
INFO: Detected dialect: W3C
May 05, 2022 11:26:10 AM org.openqa.selenium.devtools.CdpVersionFinder findNearestMatch
WARNING: Unable to find an exact match for CDP version 100, so returning the closest version found: 99
May 05, 2022 11:26:10 AM org.openqa.selenium.devtools.CdpVersionFinder findNearestMatch
INFO: Found CDP implementation for version 100 of 99
]]></system-err>
  </testcase>
  <testcase name="TC04_LoginWithEmptyUsernameAndValidPassword" classname="TestCases.LoginTest" time="6.143">
    <system-out><![CDATA[05-05-2022 11:26:23 INFO [Log]: =================================================================
05-05-2022 11:26:23 INFO [Log]: TEST COMPLETED # 0 - Login with valid username and empty password
05-05-2022 11:26:23 INFO [Log]: =================================================================
05-05-2022 11:26:38 INFO [Log]: =================================================================
05-05-2022 11:26:38 INFO [Log]: TEST STARTED # 0 - Login with empty username and valid password
05-05-2022 11:26:38 INFO [Log]: =================================================================
05-05-2022 11:26:42 INFO [Log]: Select My Account menu.
05-05-2022 11:26:42 INFO [Log]: # Verifying element visibility.
05-05-2022 11:26:42 INFO [Log]: Verify login page is displayed.
05-05-2022 11:26:42 INFO [Log]: Entered login email: ''
05-05-2022 11:26:42 INFO [Log]: Entered login password: 'Bot@d364710'
05-05-2022 11:26:44 INFO [Log]: Clicked on login button.
05-05-2022 11:26:44 INFO [Log]: # Verifying element visibility.
05-05-2022 11:26:44 INFO [Log]: Verify login failed error message is displayed. 'Username is required.'.
]]></system-out>
    <system-err><![CDATA[Starting ChromeDriver 100.0.4896.60 (6a5d10861ce8de5fce22564658033b43cb7de047-refs/branch-heads/4896@{#875}) on port 52504
Only local connections are allowed.
Please see https://chromedriver.chromium.org/security-considerations for suggestions on keeping ChromeDriver safe.
ChromeDriver was started successfully.
May 05, 2022 11:26:24 AM org.openqa.selenium.remote.ProtocolHandshake createSession
INFO: Detected dialect: W3C
May 05, 2022 11:26:24 AM org.openqa.selenium.devtools.CdpVersionFinder findNearestMatch
WARNING: Unable to find an exact match for CDP version 100, so returning the closest version found: 99
May 05, 2022 11:26:24 AM org.openqa.selenium.devtools.CdpVersionFinder findNearestMatch
INFO: Found CDP implementation for version 100 of 99
]]></system-err>
  </testcase>
  <testcase name="TC05_LoginWithEmptyUsernameAndEmptyPassword" classname="TestCases.LoginTest" time="7.37">
    <system-out><![CDATA[05-05-2022 11:26:45 INFO [Log]: =================================================================
05-05-2022 11:26:45 INFO [Log]: TEST COMPLETED # 0 - Login with empty username and valid password
05-05-2022 11:26:45 INFO [Log]: =================================================================
05-05-2022 11:27:27 INFO [Log]: =================================================================
05-05-2022 11:27:27 INFO [Log]: TEST STARTED # 0 - Login with empty username and empty password
05-05-2022 11:27:27 INFO [Log]: =================================================================
05-05-2022 11:27:33 INFO [Log]: Select My Account menu.
05-05-2022 11:27:33 INFO [Log]: # Verifying element visibility.
05-05-2022 11:27:33 INFO [Log]: Verify login page is displayed.
05-05-2022 11:27:33 INFO [Log]: Entered login email: ''
05-05-2022 11:27:33 INFO [Log]: Entered login password: ''
05-05-2022 11:27:34 INFO [Log]: Clicked on login button.
05-05-2022 11:27:34 INFO [Log]: # Verifying element visibility.
05-05-2022 11:27:34 INFO [Log]: Verify login failed error message is displayed. 'Username is required.'.
]]></system-out>
    <system-err><![CDATA[Starting ChromeDriver 100.0.4896.60 (6a5d10861ce8de5fce22564658033b43cb7de047-refs/branch-heads/4896@{#875}) on port 65364
Only local connections are allowed.
Please see https://chromedriver.chromium.org/security-considerations for suggestions on keeping ChromeDriver safe.
ChromeDriver was started successfully.
May 05, 2022 11:26:46 AM org.openqa.selenium.remote.ProtocolHandshake createSession
INFO: Detected dialect: W3C
May 05, 2022 11:26:46 AM org.openqa.selenium.devtools.CdpVersionFinder findNearestMatch
WARNING: Unable to find an exact match for CDP version 100, so returning the closest version found: 99
May 05, 2022 11:26:46 AM org.openqa.selenium.devtools.CdpVersionFinder findNearestMatch
INFO: Found CDP implementation for version 100 of 99
]]></system-err>
  </testcase>
  <testcase name="TC06_LoginPasswordShouldBeMasked" classname="TestCases.LoginTest" time="3.964">
    <system-out><![CDATA[05-05-2022 11:27:35 INFO [Log]: =================================================================
05-05-2022 11:27:35 INFO [Log]: TEST COMPLETED # 0 - Login with empty username and empty password
05-05-2022 11:27:35 INFO [Log]: =================================================================
05-05-2022 11:27:56 INFO [Log]: =================================================================
05-05-2022 11:27:56 INFO [Log]: TEST STARTED # 0 - Login password should be masked.
05-05-2022 11:27:56 INFO [Log]: =================================================================
05-05-2022 11:28:00 INFO [Log]: Select My Account menu.
05-05-2022 11:28:00 INFO [Log]: # Verifying element visibility.
05-05-2022 11:28:00 INFO [Log]: Verify login page is displayed.
05-05-2022 11:28:00 INFO [Log]: Entered login password: 'Bot@d364710'
05-05-2022 11:28:00 INFO [Log]: Verify password is masked.
]]></system-out>
    <system-err><![CDATA[Starting ChromeDriver 100.0.4896.60 (6a5d10861ce8de5fce22564658033b43cb7de047-refs/branch-heads/4896@{#875}) on port 50092
Only local connections are allowed.
Please see https://chromedriver.chromium.org/security-considerations for suggestions on keeping ChromeDriver safe.
ChromeDriver was started successfully.
May 05, 2022 11:27:36 AM org.openqa.selenium.remote.ProtocolHandshake createSession
INFO: Detected dialect: W3C
May 05, 2022 11:27:36 AM org.openqa.selenium.devtools.CdpVersionFinder findNearestMatch
WARNING: Unable to find an exact match for CDP version 100, so returning the closest version found: 99
May 05, 2022 11:27:36 AM org.openqa.selenium.devtools.CdpVersionFinder findNearestMatch
INFO: Found CDP implementation for version 100 of 99
]]></system-err>
  </testcase>
  <testcase name="TC07_LoginHandlesCaseSensitive" classname="TestCases.LoginTest" time="5.795">
    <system-out><![CDATA[05-05-2022 11:28:01 INFO [Log]: =================================================================
05-05-2022 11:28:01 INFO [Log]: TEST COMPLETED # 0 - Login password should be masked.
05-05-2022 11:28:01 INFO [Log]: =================================================================
05-05-2022 11:28:11 INFO [Log]: =================================================================
05-05-2022 11:28:11 INFO [Log]: TEST STARTED # 0 - Login handles case sensitive.
05-05-2022 11:28:11 INFO [Log]: =================================================================
05-05-2022 11:28:15 INFO [Log]: Select My Account menu.
05-05-2022 11:28:15 INFO [Log]: # Verifying element visibility.
05-05-2022 11:28:15 INFO [Log]: Verify login page is displayed.
05-05-2022 11:28:15 INFO [Log]: Entered login email: 'TEST0210@0210.COM'
05-05-2022 11:28:15 INFO [Log]: Entered login password: 'BOT@D364710'
05-05-2022 11:28:17 INFO [Log]: Clicked on login button.
05-05-2022 11:28:17 INFO [Log]: # Verifying element visibility.
05-05-2022 11:28:17 INFO [Log]: Verify login failed error message is displayed. 'The password you entered for the username TEST0210@0210.COM is incorrect.'.
]]></system-out>
    <system-err><![CDATA[Starting ChromeDriver 100.0.4896.60 (6a5d10861ce8de5fce22564658033b43cb7de047-refs/branch-heads/4896@{#875}) on port 61358
Only local connections are allowed.
Please see https://chromedriver.chromium.org/security-considerations for suggestions on keeping ChromeDriver safe.
ChromeDriver was started successfully.
May 05, 2022 11:28:02 AM org.openqa.selenium.remote.ProtocolHandshake createSession
INFO: Detected dialect: W3C
May 05, 2022 11:28:02 AM org.openqa.selenium.devtools.CdpVersionFinder findNearestMatch
WARNING: Unable to find an exact match for CDP version 100, so returning the closest version found: 99
May 05, 2022 11:28:02 AM org.openqa.selenium.devtools.CdpVersionFinder findNearestMatch
INFO: Found CDP implementation for version 100 of 99
]]></system-err>
  </testcase>
  <testcase name="TC08_LoginAuthentication" classname="TestCases.LoginTest" time="10.93">
    <system-out><![CDATA[05-05-2022 11:28:18 INFO [Log]: =================================================================
05-05-2022 11:28:18 INFO [Log]: TEST COMPLETED # 0 - Login handles case sensitive.
05-05-2022 11:28:18 INFO [Log]: =================================================================
05-05-2022 11:28:31 INFO [Log]: =================================================================
05-05-2022 11:28:31 INFO [Log]: TEST STARTED # 0 - Login authentication.
05-05-2022 11:28:31 INFO [Log]: =================================================================
05-05-2022 11:28:34 INFO [Log]: Select My Account menu.
05-05-2022 11:28:34 INFO [Log]: # Verifying element visibility.
05-05-2022 11:28:34 INFO [Log]: Verify login page is displayed.
05-05-2022 11:28:35 INFO [Log]: Entered login email: 'test0210@0210.com'
05-05-2022 11:28:35 INFO [Log]: Entered login password: 'Bot@d364710'
05-05-2022 11:28:37 INFO [Log]: Clicked on login button.
05-05-2022 11:28:37 INFO [Log]: Verify 'test0210@0210.com' logged in successfully.
05-05-2022 11:28:40 INFO [Log]: Click on sign out link.
05-05-2022 11:28:40 INFO [Log]: # Verifying element visibility.
05-05-2022 11:28:40 INFO [Log]: Verify login page is displayed.
05-05-2022 11:28:42 INFO [Log]: Back button pressed.
05-05-2022 11:28:42 INFO [Log]: # Verifying element visibility.
05-05-2022 11:28:42 INFO [Log]: Verify login page is displayed.
]]></system-out>
    <system-err><![CDATA[Starting ChromeDriver 100.0.4896.60 (6a5d10861ce8de5fce22564658033b43cb7de047-refs/branch-heads/4896@{#875}) on port 58008
Only local connections are allowed.
Please see https://chromedriver.chromium.org/security-considerations for suggestions on keeping ChromeDriver safe.
ChromeDriver was started successfully.
May 05, 2022 11:28:19 AM org.openqa.selenium.remote.ProtocolHandshake createSession
INFO: Detected dialect: W3C
May 05, 2022 11:28:19 AM org.openqa.selenium.devtools.CdpVersionFinder findNearestMatch
WARNING: Unable to find an exact match for CDP version 100, so returning the closest version found: 99
May 05, 2022 11:28:19 AM org.openqa.selenium.devtools.CdpVersionFinder findNearestMatch
INFO: Found CDP implementation for version 100 of 99
]]></system-err>
  </testcase>
  <testcase name="TC01_RegistrationWithValidEmailAndValidPassword" classname="TestCases.RegisterTest" time="7.137">
    <system-out><![CDATA[05-05-2022 11:28:42 INFO [Log]: =================================================================
05-05-2022 11:28:42 INFO [Log]: TEST COMPLETED # 0 - Login authentication.
05-05-2022 11:28:42 INFO [Log]: =================================================================
05-05-2022 11:29:05 INFO [Log]: =================================================================
05-05-2022 11:29:05 INFO [Log]: TEST STARTED # 0 - Registration with valid email and valid password
05-05-2022 11:29:05 INFO [Log]: =================================================================
05-05-2022 11:29:09 INFO [Log]: Select My Account menu.
05-05-2022 11:29:09 INFO [Log]: # Verifying element visibility.
05-05-2022 11:29:09 INFO [Log]: Verify login page is displayed.
05-05-2022 11:29:09 INFO [Log]: Entered register email: 'josefine.larson@gmail.com'
05-05-2022 11:29:09 INFO [Log]: Entered register password: '177432477F2CC028'
05-05-2022 11:29:12 INFO [Log]: Clicked on register button.
05-05-2022 11:29:12 INFO [Log]: Verify 'josefine.larson@gmail.com' logged in successfully.
]]></system-out>
    <system-err><![CDATA[Starting ChromeDriver 100.0.4896.60 (6a5d10861ce8de5fce22564658033b43cb7de047-refs/branch-heads/4896@{#875}) on port 61930
Only local connections are allowed.
Please see https://chromedriver.chromium.org/security-considerations for suggestions on keeping ChromeDriver safe.
ChromeDriver was started successfully.
May 05, 2022 11:28:43 AM org.openqa.selenium.remote.ProtocolHandshake createSession
INFO: Detected dialect: W3C
May 05, 2022 11:28:43 AM org.openqa.selenium.devtools.CdpVersionFinder findNearestMatch
WARNING: Unable to find an exact match for CDP version 100, so returning the closest version found: 99
May 05, 2022 11:28:43 AM org.openqa.selenium.devtools.CdpVersionFinder findNearestMatch
INFO: Found CDP implementation for version 100 of 99
]]></system-err>
  </testcase>
  <testcase name="TC02_RegistrationWithInvalidEmailAndValidPassword" classname="TestCases.RegisterTest" time="6.768">
    <system-out><![CDATA[05-05-2022 11:29:13 INFO [Log]: =================================================================
05-05-2022 11:29:13 INFO [Log]: TEST COMPLETED # 0 - Registration with valid email and valid password
05-05-2022 11:29:13 INFO [Log]: =================================================================
05-05-2022 11:29:24 INFO [Log]: =================================================================
05-05-2022 11:29:24 INFO [Log]: TEST STARTED # 0 - Registration with invalid email and valid password
05-05-2022 11:29:24 INFO [Log]: =================================================================
05-05-2022 11:29:27 INFO [Log]: Select My Account menu.
05-05-2022 11:29:27 INFO [Log]: # Verifying element visibility.
05-05-2022 11:29:27 INFO [Log]: Verify login page is displayed.
05-05-2022 11:29:27 INFO [Log]: Entered register email: '8DCA4@735C7'
05-05-2022 11:29:27 INFO [Log]: Entered register password: '782BE6EA24C72BC7'
05-05-2022 11:29:30 INFO [Log]: Clicked on register button.
05-05-2022 11:29:30 INFO [Log]: # Verifying element visibility.
05-05-2022 11:29:31 INFO [Log]: Verify login failed error message is displayed. 'Please provide a valid email address.'.
]]></system-out>
    <system-err><![CDATA[Starting ChromeDriver 100.0.4896.60 (6a5d10861ce8de5fce22564658033b43cb7de047-refs/branch-heads/4896@{#875}) on port 57916
Only local connections are allowed.
Please see https://chromedriver.chromium.org/security-considerations for suggestions on keeping ChromeDriver safe.
ChromeDriver was started successfully.
May 05, 2022 11:29:14 AM org.openqa.selenium.remote.ProtocolHandshake createSession
INFO: Detected dialect: W3C
May 05, 2022 11:29:14 AM org.openqa.selenium.devtools.CdpVersionFinder findNearestMatch
WARNING: Unable to find an exact match for CDP version 100, so returning the closest version found: 99
May 05, 2022 11:29:14 AM org.openqa.selenium.devtools.CdpVersionFinder findNearestMatch
INFO: Found CDP implementation for version 100 of 99
]]></system-err>
  </testcase>
  <testcase name="TC03_RegistrationWithEmptyEmailAndValidPassword" classname="TestCases.RegisterTest" time="6.936">
    <system-out><![CDATA[05-05-2022 11:29:31 INFO [Log]: =================================================================
05-05-2022 11:29:31 INFO [Log]: TEST COMPLETED # 0 - Registration with invalid email and valid password
05-05-2022 11:29:31 INFO [Log]: =================================================================
05-05-2022 11:29:39 INFO [Log]: =================================================================
05-05-2022 11:29:39 INFO [Log]: TEST STARTED # 0 - Registration with empty email and valid password
05-05-2022 11:29:39 INFO [Log]: =================================================================
05-05-2022 11:29:44 INFO [Log]: Select My Account menu.
05-05-2022 11:29:44 INFO [Log]: # Verifying element visibility.
05-05-2022 11:29:44 INFO [Log]: Verify login page is displayed.
05-05-2022 11:29:44 INFO [Log]: Entered register email: ''
05-05-2022 11:29:44 INFO [Log]: Entered register password: '9C8ABEF6055DB24C'
05-05-2022 11:29:46 INFO [Log]: Clicked on register button.
05-05-2022 11:29:46 INFO [Log]: # Verifying element visibility.
05-05-2022 11:29:46 INFO [Log]: Verify login failed error message is displayed. 'Please provide a valid email address.'.
]]></system-out>
    <system-err><![CDATA[Starting ChromeDriver 100.0.4896.60 (6a5d10861ce8de5fce22564658033b43cb7de047-refs/branch-heads/4896@{#875}) on port 62910
Only local connections are allowed.
Please see https://chromedriver.chromium.org/security-considerations for suggestions on keeping ChromeDriver safe.
ChromeDriver was started successfully.
May 05, 2022 11:29:32 AM org.openqa.selenium.remote.ProtocolHandshake createSession
INFO: Detected dialect: W3C
May 05, 2022 11:29:32 AM org.openqa.selenium.devtools.CdpVersionFinder findNearestMatch
WARNING: Unable to find an exact match for CDP version 100, so returning the closest version found: 99
May 05, 2022 11:29:32 AM org.openqa.selenium.devtools.CdpVersionFinder findNearestMatch
INFO: Found CDP implementation for version 100 of 99
]]></system-err>
  </testcase>
  <testcase name="TC04_RegistrationWithValidEmailAndEmptyPassword" classname="TestCases.RegisterTest" time="6.377">
    <system-out><![CDATA[05-05-2022 11:29:46 INFO [Log]: =================================================================
05-05-2022 11:29:46 INFO [Log]: TEST COMPLETED # 0 - Registration with empty email and valid password
05-05-2022 11:29:46 INFO [Log]: =================================================================
05-05-2022 11:29:56 INFO [Log]: =================================================================
05-05-2022 11:29:56 INFO [Log]: TEST STARTED # 0 - Registration with valid email and empty password
05-05-2022 11:29:56 INFO [Log]: =================================================================
05-05-2022 11:30:00 INFO [Log]: Select My Account menu.
05-05-2022 11:30:00 INFO [Log]: # Verifying element visibility.
05-05-2022 11:30:00 INFO [Log]: Verify login page is displayed.
05-05-2022 11:30:00 INFO [Log]: Entered register email: 'marget.boyer@gmail.com'
05-05-2022 11:30:00 INFO [Log]: Entered register password: ''
05-05-2022 11:30:02 INFO [Log]: Clicked on register button.
05-05-2022 11:30:02 INFO [Log]: # Verifying element visibility.
05-05-2022 11:30:02 INFO [Log]: Verify login failed error message is displayed. 'Please enter an account password.'.
]]></system-out>
    <system-err><![CDATA[Starting ChromeDriver 100.0.4896.60 (6a5d10861ce8de5fce22564658033b43cb7de047-refs/branch-heads/4896@{#875}) on port 56707
Only local connections are allowed.
Please see https://chromedriver.chromium.org/security-considerations for suggestions on keeping ChromeDriver safe.
ChromeDriver was started successfully.
May 05, 2022 11:29:47 AM org.openqa.selenium.remote.ProtocolHandshake createSession
INFO: Detected dialect: W3C
May 05, 2022 11:29:47 AM org.openqa.selenium.devtools.CdpVersionFinder findNearestMatch
WARNING: Unable to find an exact match for CDP version 100, so returning the closest version found: 99
May 05, 2022 11:29:47 AM org.openqa.selenium.devtools.CdpVersionFinder findNearestMatch
INFO: Found CDP implementation for version 100 of 99
]]></system-err>
  </testcase>
  <testcase name="TC05_RegistrationWithEmptyEmailAndEmptyPassword" classname="TestCases.RegisterTest" time="6.194">
    <system-out><![CDATA[05-05-2022 11:30:03 INFO [Log]: =================================================================
05-05-2022 11:30:03 INFO [Log]: TEST COMPLETED # 0 - Registration with valid email and empty password
05-05-2022 11:30:03 INFO [Log]: =================================================================
05-05-2022 11:30:43 INFO [Log]: =================================================================
05-05-2022 11:30:43 INFO [Log]: TEST STARTED # 0 - Registration with empty email and empty password
05-05-2022 11:30:43 INFO [Log]: =================================================================
05-05-2022 11:30:46 INFO [Log]: Select My Account menu.
05-05-2022 11:30:46 INFO [Log]: # Verifying element visibility.
05-05-2022 11:30:46 INFO [Log]: Verify login page is displayed.
05-05-2022 11:30:47 INFO [Log]: Entered register email: ''
05-05-2022 11:30:47 INFO [Log]: Entered register password: ''
05-05-2022 11:30:49 INFO [Log]: Clicked on register button.
05-05-2022 11:30:49 INFO [Log]: # Verifying element visibility.
05-05-2022 11:30:49 INFO [Log]: Verify login failed error message is displayed. 'Please provide a valid email address.'.
]]></system-out>
    <system-err><![CDATA[Starting ChromeDriver 100.0.4896.60 (6a5d10861ce8de5fce22564658033b43cb7de047-refs/branch-heads/4896@{#875}) on port 57153
Only local connections are allowed.
Please see https://chromedriver.chromium.org/security-considerations for suggestions on keeping ChromeDriver safe.
ChromeDriver was started successfully.
May 05, 2022 11:30:04 AM org.openqa.selenium.remote.ProtocolHandshake createSession
INFO: Detected dialect: W3C
May 05, 2022 11:30:04 AM org.openqa.selenium.devtools.CdpVersionFinder findNearestMatch
WARNING: Unable to find an exact match for CDP version 100, so returning the closest version found: 99
May 05, 2022 11:30:04 AM org.openqa.selenium.devtools.CdpVersionFinder findNearestMatch
INFO: Found CDP implementation for version 100 of 99
]]></system-err>
  </testcase>
  <testcase name="TC01_ShopFilterByPriceFunctionality" classname="TestCases.ShopTest" time="81.225">
    <system-out><![CDATA[05-05-2022 11:30:49 INFO [Log]: =================================================================
05-05-2022 11:30:49 INFO [Log]: TEST COMPLETED # 0 - Registration with empty email and empty password
05-05-2022 11:30:49 INFO [Log]: =================================================================
05-05-2022 11:31:03 INFO [Log]: =================================================================
05-05-2022 11:31:03 INFO [Log]: TEST STARTED # 0 - Shop filter by price functionality.
05-05-2022 11:31:03 INFO [Log]: =================================================================
05-05-2022 11:31:07 INFO [Log]: Select Shop menu.
05-05-2022 11:31:07 INFO [Log]: Set minimum filter price to '150'.
05-05-2022 11:31:21 INFO [Log]: Set maximum filter price to '450'.
05-05-2022 11:31:28 INFO [Log]: Click on filter button.
05-05-2022 11:32:25 INFO [Log]: Verify filter price is applied.
]]></system-out>
    <system-err><![CDATA[Starting ChromeDriver 100.0.4896.60 (6a5d10861ce8de5fce22564658033b43cb7de047-refs/branch-heads/4896@{#875}) on port 60165
Only local connections are allowed.
Please see https://chromedriver.chromium.org/security-considerations for suggestions on keeping ChromeDriver safe.
ChromeDriver was started successfully.
May 05, 2022 11:30:50 AM org.openqa.selenium.remote.ProtocolHandshake createSession
INFO: Detected dialect: W3C
May 05, 2022 11:30:50 AM org.openqa.selenium.devtools.CdpVersionFinder findNearestMatch
WARNING: Unable to find an exact match for CDP version 100, so returning the closest version found: 99
May 05, 2022 11:30:50 AM org.openqa.selenium.devtools.CdpVersionFinder findNearestMatch
INFO: Found CDP implementation for version 100 of 99
]]></system-err>
  </testcase>
  <testcase name="TC02_ShopProductCategoriesFunctionality" classname="TestCases.ShopTest" time="68.894">
    <system-out><![CDATA[05-05-2022 11:32:25 INFO [Log]: =================================================================
05-05-2022 11:32:25 INFO [Log]: TEST COMPLETED # 0 - Shop filter by price functionality.
05-05-2022 11:32:25 INFO [Log]: =================================================================
05-05-2022 11:32:54 INFO [Log]: =================================================================
05-05-2022 11:32:54 INFO [Log]: TEST STARTED # 0 - Shop product categories functionality.
05-05-2022 11:32:54 INFO [Log]: =================================================================
05-05-2022 11:32:59 INFO [Log]: Select Shop menu.
05-05-2022 11:34:03 INFO [Log]: # Verifying element visibility.
05-05-2022 11:34:03 INFO [Log]: Verify product page is displayed.
05-05-2022 11:34:03 INFO [Log]: Verify product title is 'Thinking in HTML'
]]></system-out>
    <system-err><![CDATA[Starting ChromeDriver 100.0.4896.60 (6a5d10861ce8de5fce22564658033b43cb7de047-refs/branch-heads/4896@{#875}) on port 51913
Only local connections are allowed.
Please see https://chromedriver.chromium.org/security-considerations for suggestions on keeping ChromeDriver safe.
ChromeDriver was started successfully.
May 05, 2022 11:32:26 AM org.openqa.selenium.remote.ProtocolHandshake createSession
INFO: Detected dialect: W3C
May 05, 2022 11:32:26 AM org.openqa.selenium.devtools.CdpVersionFinder findNearestMatch
WARNING: Unable to find an exact match for CDP version 100, so returning the closest version found: 99
May 05, 2022 11:32:26 AM org.openqa.selenium.devtools.CdpVersionFinder findNearestMatch
INFO: Found CDP implementation for version 100 of 99
]]></system-err>
  </testcase>
  <testcase name="TC03_ShopSortOrderByNewnessFunctionality" classname="TestCases.ShopTest" time="66.38">
    <system-out><![CDATA[05-05-2022 11:34:04 INFO [Log]: =================================================================
05-05-2022 11:34:04 INFO [Log]: TEST COMPLETED # 0 - Shop product categories functionality.
05-05-2022 11:34:04 INFO [Log]: =================================================================
05-05-2022 11:34:12 INFO [Log]: =================================================================
05-05-2022 11:34:12 INFO [Log]: TEST STARTED # 0 - Shop sort order by newness functionality.
05-05-2022 11:34:12 INFO [Log]: =================================================================
05-05-2022 11:34:16 INFO [Log]: Select Shop menu.
05-05-2022 11:34:17 INFO [Log]: Select sort order by 'Sort by newness'
05-05-2022 11:34:17 INFO [Log]: Verify selected sorting order is 'Sort by newness'
05-05-2022 11:35:18 INFO [Log]: Verify products is sort by newness.
]]></system-out>
    <system-err><![CDATA[Starting ChromeDriver 100.0.4896.60 (6a5d10861ce8de5fce22564658033b43cb7de047-refs/branch-heads/4896@{#875}) on port 49487
Only local connections are allowed.
Please see https://chromedriver.chromium.org/security-considerations for suggestions on keeping ChromeDriver safe.
ChromeDriver was started successfully.
May 05, 2022 11:34:05 AM org.openqa.selenium.remote.ProtocolHandshake createSession
INFO: Detected dialect: W3C
May 05, 2022 11:34:05 AM org.openqa.selenium.devtools.CdpVersionFinder findNearestMatch
WARNING: Unable to find an exact match for CDP version 100, so returning the closest version found: 99
May 05, 2022 11:34:05 AM org.openqa.selenium.devtools.CdpVersionFinder findNearestMatch
INFO: Found CDP implementation for version 100 of 99
]]></system-err>
  </testcase>
  <testcase name="TC04_ShopSortOrderByPriceLowToHighFunctionality" classname="TestCases.ShopTest" time="70.093">
    <system-out><![CDATA[05-05-2022 11:35:19 INFO [Log]: =================================================================
05-05-2022 11:35:19 INFO [Log]: TEST COMPLETED # 0 - Shop sort order by newness functionality.
05-05-2022 11:35:19 INFO [Log]: =================================================================
05-05-2022 11:35:42 INFO [Log]: =================================================================
05-05-2022 11:35:42 INFO [Log]: TEST STARTED # 0 - Shop sort order by price: low to high functionality.
05-05-2022 11:35:42 INFO [Log]: =================================================================
05-05-2022 11:35:47 INFO [Log]: Select Shop menu.
05-05-2022 11:35:51 INFO [Log]: Select sort order by 'Sort by price: low to high'
05-05-2022 11:35:51 INFO [Log]: Verify selected sorting order is 'Sort by price: low to high'
05-05-2022 11:36:52 INFO [Log]: Verify products is sort by price: low to high.
]]></system-out>
    <system-err><![CDATA[Starting ChromeDriver 100.0.4896.60 (6a5d10861ce8de5fce22564658033b43cb7de047-refs/branch-heads/4896@{#875}) on port 56310
Only local connections are allowed.
Please see https://chromedriver.chromium.org/security-considerations for suggestions on keeping ChromeDriver safe.
ChromeDriver was started successfully.
May 05, 2022 11:35:20 AM org.openqa.selenium.remote.ProtocolHandshake createSession
INFO: Detected dialect: W3C
May 05, 2022 11:35:20 AM org.openqa.selenium.devtools.CdpVersionFinder findNearestMatch
WARNING: Unable to find an exact match for CDP version 100, so returning the closest version found: 99
May 05, 2022 11:35:20 AM org.openqa.selenium.devtools.CdpVersionFinder findNearestMatch
INFO: Found CDP implementation for version 100 of 99
]]></system-err>
  </testcase>
  <testcase name="TC05_ShopSortOrderByPriceHighToLowFunctionality" classname="TestCases.ShopTest" time="67.95">
    <system-out><![CDATA[05-05-2022 11:36:53 INFO [Log]: =================================================================
05-05-2022 11:36:53 INFO [Log]: TEST COMPLETED # 0 - Shop sort order by price: low to high functionality.
05-05-2022 11:36:53 INFO [Log]: =================================================================
05-05-2022 11:37:10 INFO [Log]: =================================================================
05-05-2022 11:37:10 INFO [Log]: TEST STARTED # 0 - Shop sort order by price: high to low functionality.
05-05-2022 11:37:10 INFO [Log]: =================================================================
05-05-2022 11:37:13 INFO [Log]: Select Shop menu.
05-05-2022 11:37:16 INFO [Log]: Select sort order by 'Sort by price: high to low'
05-05-2022 11:37:16 INFO [Log]: Verify selected sorting order is 'Sort by price: high to low'
05-05-2022 11:38:18 INFO [Log]: Verify products is sort by price: high to low.
]]></system-out>
    <system-err><![CDATA[Starting ChromeDriver 100.0.4896.60 (6a5d10861ce8de5fce22564658033b43cb7de047-refs/branch-heads/4896@{#875}) on port 63834
Only local connections are allowed.
Please see https://chromedriver.chromium.org/security-considerations for suggestions on keeping ChromeDriver safe.
ChromeDriver was started successfully.
May 05, 2022 11:36:54 AM org.openqa.selenium.remote.ProtocolHandshake createSession
INFO: Detected dialect: W3C
May 05, 2022 11:36:54 AM org.openqa.selenium.devtools.CdpVersionFinder findNearestMatch
WARNING: Unable to find an exact match for CDP version 100, so returning the closest version found: 99
May 05, 2022 11:36:54 AM org.openqa.selenium.devtools.CdpVersionFinder findNearestMatch
INFO: Found CDP implementation for version 100 of 99
]]></system-err>
  </testcase>
</testsuite>